\BOOKMARK [1][-]{section.1}{\376\377\000W\000p\000r\000o\000w\000a\000d\000z\000e\000n\000i\000e}{}% 1
\BOOKMARK [2][-]{subsection.1.1}{\376\377\000O\000b\000s\001\102\000u\000g\000i\000w\000a\000n\000e\000\040\000p\000l\000a\000t\000f\000o\000r\000m\000y}{section.1}% 2
\BOOKMARK [2][-]{subsection.1.2}{\376\377\000A\000r\000c\000h\000i\000t\000e\000k\000t\000u\000r\000a}{section.1}% 3
\BOOKMARK [1][-]{section.2}{\376\377\000A\000n\000a\000l\000i\000z\000a\000\040\000i\000l\000o\001\133\000c\000i\000o\000w\000a\000\040\000\050\0008\0000\000+\000\040\000m\000e\000t\000r\000y\000k\000\051}{}% 4
\BOOKMARK [2][-]{subsection.2.1}{\376\377\000S\000t\000a\000t\000y\000s\000t\000y\000k\000i\000\040\000p\000o\000d\000s\000t\000a\000w\000o\000w\000e\000\040\000\050\000p\000e\000r\000\040\000o\000s\000o\000b\000a\000\051}{section.2}% 5
\BOOKMARK [2][-]{subsection.2.2}{\376\377\000T\000i\000m\000i\000n\000g\000\040\000i\000\040\000c\000z\000a\000s\000y\000\040\000o\000d\000p\000o\000w\000i\000e\000d\000z\000i}{section.2}% 6
\BOOKMARK [3][-]{subsubsection.2.2.1}{\376\377\000D\000y\000s\000t\000r\000y\000b\000u\000c\000j\000a\000\040\000c\000z\000a\000s\000\363\000w\000\040\000o\000d\000p\000o\000w\000i\000e\000d\000z\000i\000\040\000\050\000R\000e\000s\000p\000o\000n\000s\000e\000\040\000T\000i\000m\000e\000\040\000D\000i\000s\000t\000r\000i\000b\000u\000t\000i\000o\000n\000\051}{subsection.2.2}% 7
\BOOKMARK [2][-]{subsection.2.3}{\376\377\000Z\000a\000a\000n\000g\000a\001\174\000o\000w\000a\000n\000i\000e\000\040\000\050\000E\000n\000g\000a\000g\000e\000m\000e\000n\000t\000\051}{section.2}% 8
\BOOKMARK [2][-]{subsection.2.4}{\376\377\000H\000e\000a\000t\000m\000a\000p\000a\000\040\000a\000k\000t\000y\000w\000n\000o\001\133\000c\000i}{section.2}% 9
\BOOKMARK [2][-]{subsection.2.5}{\376\377\000T\000r\000e\000n\000d\000y\000\040\000m\000i\000e\000s\000i\001\031\000c\000z\000n\000e}{section.2}% 10
\BOOKMARK [3][-]{subsubsection.2.5.1}{\376\377\000Y\000e\000a\000r\000\040\000M\000i\000l\000e\000s\000t\000o\000n\000e\000s}{subsection.2.5}% 11
\BOOKMARK [2][-]{subsection.2.6}{\376\377\000A\000n\000a\000l\000i\000z\000a\000\040\000s\000e\000n\000t\000y\000m\000e\000n\000t\000u}{section.2}% 12
\BOOKMARK [2][-]{subsection.2.7}{\376\377\000W\000y\000k\000r\000y\000w\000a\000n\000i\000e\000\040\000k\000o\000n\000f\000l\000i\000k\000t\000\363\000w}{section.2}% 13
\BOOKMARK [2][-]{subsection.2.8}{\376\377\000P\000r\000o\000g\000r\000e\000s\000j\000a\000\040\000i\000n\000t\000y\000m\000n\000o\001\133\000c\000i}{section.2}% 14
\BOOKMARK [2][-]{subsection.2.9}{\376\377\000P\000u\000r\000s\000u\000i\000t\000-\000W\000i\000t\000h\000d\000r\000a\000w\000a\000l\000\040\000D\000e\000t\000e\000c\000t\000i\000o\000n}{section.2}% 15
\BOOKMARK [2][-]{subsection.2.10}{\376\377\000I\000n\000d\000e\000k\000s\000\040\000w\000z\000a\000j\000e\000m\000n\000o\001\133\000c\000i\000\040\000\050\000R\000e\000c\000i\000p\000r\000o\000c\000i\000t\000y\000\040\000I\000n\000d\000e\000x\000\051}{section.2}% 16
\BOOKMARK [2][-]{subsection.2.11}{\376\377\000B\000u\000r\000s\000t\000\040\000D\000e\000t\000e\000c\000t\000i\000o\000n}{section.2}% 17
\BOOKMARK [2][-]{subsection.2.12}{\376\377\000V\000i\000r\000a\000l\000\040\000S\000c\000o\000r\000e\000s}{section.2}% 18
\BOOKMARK [2][-]{subsection.2.13}{\376\377\000T\000h\000r\000e\000a\000t\000\040\000M\000e\000t\000e\000r\000s\000\040\000\050\000M\000i\000e\000r\000n\000i\000k\000i\000\040\000z\000a\000g\000r\000o\001\174\000e\001\104\000\051}{section.2}% 19
\BOOKMARK [2][-]{subsection.2.14}{\376\377\000D\000a\000m\000a\000g\000e\000\040\000R\000e\000p\000o\000r\000t}{section.2}% 20
\BOOKMARK [2][-]{subsection.2.15}{\376\377\000R\000a\000n\000k\000i\000n\000g\000\040\000P\000e\000r\000c\000e\000n\000t\000i\000l\000e\000s\000\040\000\050\000h\000e\000u\000r\000y\000s\000t\000y\000c\000z\000n\000e\000\051}{section.2}% 21
\BOOKMARK [2][-]{subsection.2.16}{\376\377\000O\000d\000z\000n\000a\000k\000i\000\040\000\050\000B\000a\000d\000g\000e\000s\000\051}{section.2}% 22
\BOOKMARK [2][-]{subsection.2.17}{\376\377\000C\000a\000t\000c\000h\000p\000h\000r\000a\000s\000e\000s\000\040\000i\000\040\000B\000e\000s\000t\000\040\000T\000i\000m\000e\000\040\000t\000o\000\040\000T\000e\000x\000t}{section.2}% 23
\BOOKMARK [2][-]{subsection.2.18}{\376\377\000C\000o\000g\000n\000i\000t\000i\000v\000e\000\040\000F\000u\000n\000c\000t\000i\000o\000n\000s\000\040\000C\000l\000a\000s\000h}{section.2}% 24
\BOOKMARK [2][-]{subsection.2.19}{\376\377\000C\000z\000t\000e\000r\000e\000c\000h\000\040\000J\000e\001\172\000d\001\172\000c\000\363\000w\000\040\000G\000o\000t\000t\000m\000a\000n\000a}{section.2}% 25
\BOOKMARK [1][-]{section.3}{\376\377\000A\000n\000a\000l\000i\000z\000a\000\040\000A\000I\000\040\000\050\000G\000e\000m\000i\000n\000i\000\040\000A\000P\000I\000\051}{}% 26
\BOOKMARK [2][-]{subsection.3.1}{\376\377\000P\000a\000s\000s\000\040\0001\000\040\040\024\000\040\000P\000r\000z\000e\000g\000l\001\005\000d\000\040\000r\000e\000l\000a\000c\000j\000i}{section.3}% 27
\BOOKMARK [2][-]{subsection.3.2}{\376\377\000P\000a\000s\000s\000\040\0002\000\040\040\024\000\040\000D\000y\000n\000a\000m\000i\000k\000a\000\040\000r\000e\000l\000a\000c\000j\000i}{section.3}% 28
\BOOKMARK [2][-]{subsection.3.3}{\376\377\000P\000a\000s\000s\000\040\0003\000\040\040\024\000\040\000P\000r\000o\000f\000i\000l\000e\000\040\000i\000n\000d\000y\000w\000i\000d\000u\000a\000l\000n\000e}{section.3}% 29
\BOOKMARK [2][-]{subsection.3.4}{\376\377\000P\000a\000s\000s\000\040\0004\000\040\040\024\000\040\000S\000y\000n\000t\000e\000z\000a\000\040\000k\000o\001\104\000c\000o\000w\000a}{section.3}% 30
\BOOKMARK [3][-]{subsubsection.3.4.1}{\376\377\000A\000I\000\040\000P\000r\000e\000d\000i\000c\000t\000i\000o\000n\000s}{subsection.3.4}% 31
\BOOKMARK [1][-]{section.4}{\376\377\000M\000o\000d\000u\001\102\000y\000\040\000i\000n\000t\000e\000r\000a\000k\000t\000y\000w\000n\000e\000\040\000\050\000A\000I\000-\000p\000o\000w\000e\000r\000e\000d\000\051}{}% 32
\BOOKMARK [2][-]{subsection.4.1}{\376\377\000E\000n\000h\000a\000n\000c\000e\000d\000\040\000R\000o\000a\000s\000t}{section.4}% 33
\BOOKMARK [2][-]{subsection.4.2}{\376\377\000S\000t\000a\000n\000d\000-\000U\000p\000\040\000C\000o\000m\000e\000d\000y\000\040\000R\000o\000a\000s\000t}{section.4}% 34
\BOOKMARK [2][-]{subsection.4.3}{\376\377\000C\000P\000S\000\040\000S\000c\000r\000e\000e\000n\000e\000r\000\040\000\050\000C\000o\000m\000m\000u\000n\000i\000c\000a\000t\000i\000o\000n\000\040\000P\000a\000t\000t\000e\000r\000n\000\040\000S\000c\000r\000e\000e\000n\000i\000n\000g\000\051}{section.4}% 35
\BOOKMARK [2][-]{subsection.4.4}{\376\377\000S\000u\000b\000t\000e\000x\000t\000\040\000D\000e\000c\000o\000d\000e\000r\000\040\000\050\000T\000r\000a\000n\000s\000l\000a\000t\000o\000r\000\040\000P\000o\000d\000t\000e\000k\000s\000t\000\363\000w\000\051}{section.4}% 36
\BOOKMARK [2][-]{subsection.4.5}{\376\377\000C\000o\000u\000r\000t\000\040\000T\000r\000i\000a\000l\000\040\000\050\000T\000w\000\363\000j\000\040\000C\000h\000a\000t\000\040\000w\000\040\000S\001\005\000d\000z\000i\000e\000\051}{section.4}% 37
\BOOKMARK [2][-]{subsection.4.6}{\376\377\000D\000a\000t\000i\000n\000g\000\040\000P\000r\000o\000f\000i\000l\000e\000\040\000G\000e\000n\000e\000r\000a\000t\000o\000r}{section.4}% 38
\BOOKMARK [2][-]{subsection.4.7}{\376\377\000R\000e\000p\000l\000y\000\040\000S\000i\000m\000u\000l\000a\000t\000o\000r}{section.4}% 39
\BOOKMARK [2][-]{subsection.4.8}{\376\377\000D\000e\000l\000u\000s\000i\000o\000n\000\040\000Q\000u\000i\000z}{section.4}% 40
\BOOKMARK [2][-]{subsection.4.9}{\376\377\000C\000o\000u\000p\000l\000e\000'\000s\000\040\000Q\000u\000i\000z}{section.4}% 41
\BOOKMARK [1][-]{section.5}{\376\377\000S\000h\000a\000r\000e\000\040\000C\000a\000r\000d\000s\000\040\000\050\0002\0004\000+\000\040\000t\000y\000p\000\363\000w\000\051}{}% 42
\BOOKMARK [1][-]{section.6}{\376\377\000S\000t\000o\000r\000y\000\040\000M\000o\000d\000e\000\040\000\050\000W\000r\000a\000p\000p\000e\000d\000\051}{}% 43
\BOOKMARK [1][-]{section.7}{\376\377\000S\000e\000r\000v\000e\000r\000\040\000V\000i\000e\000w\000\040\000\050\0005\000+\000\040\000u\000c\000z\000e\000s\000t\000n\000i\000k\000\363\000w\000\051}{}% 44
\BOOKMARK [1][-]{section.8}{\376\377\000D\000i\000s\000c\000o\000r\000d\000\040\000B\000o\000t\000\040\000\050\0001\0001\000\040\000k\000o\000m\000e\000n\000d\000\051}{}% 45
\BOOKMARK [1][-]{section.9}{\376\377\000E\000k\000s\000p\000o\000r\000t\000\040\000i\000\040\000u\000d\000o\000s\000t\001\031\000p\000n\000i\000a\000n\000i\000e}{}% 46
\BOOKMARK [1][-]{section.10}{\376\377\000A\000P\000I\000\040\000E\000n\000d\000p\000o\000i\000n\000t\000s}{}% 47
\BOOKMARK [1][-]{section.11}{\376\377\000P\000r\000y\000w\000a\000t\000n\000o\001\133\001\007\000\040\000i\000\040\000b\000e\000z\000p\000i\000e\000c\000z\000e\001\104\000s\000t\000w\000o}{}% 48
